<?xml version="1.0" encoding="UTF-8"?>
<!-- Generated by org.testng.reporters.JUnitXMLReporter -->
<testsuite ignored="2" hostname="DESKTOP-EAPD58O" failures="0" tests="1" name="Select Wikipedia" time="2.743" errors="0" timestamp="2022-07-17T10:46:15 IST">
  <testcase classname="testcases.SelectWikipedia" name="searchwikipedia" time="2.739"/>
  <testcase classname="base.TestBase" name="@AfterSuite tearDown" time="0.0">
    <ignored/>
  </testcase> <!-- @AfterSuite tearDown -->
  <testcase classname="base.TestBase" name="@BeforeSuite setUp" time="0.0">
    <ignored/>
  </testcase> <!-- @BeforeSuite setUp -->
</testsuite> <!-- Select Wikipedia -->
