<?xml version="1.0" encoding="UTF-8"?>
<!-- Generated by org.testng.reporters.JUnitXMLReporter -->
<testsuite ignored="2" hostname="DESKTOP-EAPD58O" failures="0" tests="1" name="Select English Launguage" time="1.611" errors="0" timestamp="2022-07-17T10:46:13 IST">
  <testcase classname="testcases.SelectTextTest" name="SelectEnglishLaunguage" time="1.579"/>
  <testcase classname="base.TestBase" name="@AfterSuite tearDown" time="0.0">
    <ignored/>
  </testcase> <!-- @AfterSuite tearDown -->
  <testcase classname="base.TestBase" name="@BeforeSuite setUp" time="0.0">
    <ignored/>
  </testcase> <!-- @BeforeSuite setUp -->
</testsuite> <!-- Select English Launguage -->
